d:\bstu\kurs_2_1\kmo-2022\kmo-2022\kmo-2022\debug\vc143.pdb
d:\bstu\kurs_2_1\kmo-2022\kmo-2022\kmo-2022\debug\vc143.idb
d:\bstu\kurs_2_1\kmo-2022\kmo-2022\kmo-2022\debug\semantic_analysis.obj
d:\bstu\kurs_2_1\kmo-2022\kmo-2022\kmo-2022\debug\polish.obj
d:\bstu\kurs_2_1\kmo-2022\kmo-2022\kmo-2022\debug\parm.obj
d:\bstu\kurs_2_1\kmo-2022\kmo-2022\kmo-2022\debug\mfst.obj
d:\bstu\kurs_2_1\kmo-2022\kmo-2022\kmo-2022\debug\lt.obj
d:\bstu\kurs_2_1\kmo-2022\kmo-2022\kmo-2022\debug\log.obj
d:\bstu\kurs_2_1\kmo-2022\kmo-2022\kmo-2022\debug\lexical_analysis.obj
d:\bstu\kurs_2_1\kmo-2022\kmo-2022\kmo-2022\debug\kmo-2022.obj
d:\bstu\kurs_2_1\kmo-2022\kmo-2022\kmo-2022\debug\it.obj
d:\bstu\kurs_2_1\kmo-2022\kmo-2022\kmo-2022\debug\in.obj
d:\bstu\kurs_2_1\kmo-2022\kmo-2022\kmo-2022\debug\grb.obj
d:\bstu\kurs_2_1\kmo-2022\kmo-2022\kmo-2022\debug\generation.obj
d:\bstu\kurs_2_1\kmo-2022\kmo-2022\kmo-2022\debug\fst.obj
d:\bstu\kurs_2_1\kmo-2022\kmo-2022\kmo-2022\debug\error.obj
d:\bstu\kurs_2_1\kmo-2022\kmo-2022\kmo-2022\debug\kmo-2022.ilk
d:\bstu\kurs_2_1\kmo-2022\kmo-2022\debug\kmo-2022.exe
d:\bstu\kurs_2_1\kmo-2022\kmo-2022\debug\kmo-2022.pdb
d:\bstu\kurs_2_1\kmo-2022\kmo-2022\kmo-2022\debug\kmo-2022.tlog\cl.command.1.tlog
d:\bstu\kurs_2_1\kmo-2022\kmo-2022\kmo-2022\debug\kmo-2022.tlog\cl.read.1.tlog
d:\bstu\kurs_2_1\kmo-2022\kmo-2022\kmo-2022\debug\kmo-2022.tlog\cl.write.1.tlog
d:\bstu\kurs_2_1\kmo-2022\kmo-2022\kmo-2022\debug\kmo-2022.tlog\link.command.1.tlog
d:\bstu\kurs_2_1\kmo-2022\kmo-2022\kmo-2022\debug\kmo-2022.tlog\link.read.1.tlog
d:\bstu\kurs_2_1\kmo-2022\kmo-2022\kmo-2022\debug\kmo-2022.tlog\link.write.1.tlog
